<?xml version="1.0" encoding="UTF-8"?>
<testsuite xmlns:xsi="http://www.w3.org/2001/XMLSchema-instance" xsi:noNamespaceSchemaLocation="https://maven.apache.org/surefire/maven-surefire-plugin/xsd/surefire-test-report.xsd" name="com.nokia.netguard.adapter.test.OfflineSuite" time="50.012" tests="93" errors="0" skipped="0" failures="0">
  <properties>
    <property name="sun.desktop" value="windows"/>
    <property name="awt.toolkit" value="sun.awt.windows.WToolkit"/>
    <property name="file.encoding.pkg" value="sun.io"/>
    <property name="java.specification.version" value="1.8"/>
    <property name="sun.cpu.isalist" value="amd64"/>
    <property name="sun.jnu.encoding" value="Cp1252"/>
    <property name="java.class.path" value="C:\NOKIA\AdaptorDevelopmentToolkit\ADT-19.0.SR6-workspace\workspace\Jinny-KVM_centos_CLI-V1\target\test-classes;C:\NOKIA\AdaptorDevelopmentToolkit\ADT-19.0.SR6-workspace\workspace\Jinny-KVM_centos_CLI-V1\target\classes;C:\Users\hipant\.m2\repository\com\jcraft\jsch\0.1.54\jsch-0.1.54.jar;C:\Users\hipant\.m2\repository\commons-net\commons-net\3.6\commons-net-3.6.jar;C:\Users\hipant\.m2\repository\com\btmatthews\junit\junit-rules\1.0.1\junit-rules-1.0.1.jar;C:\Users\hipant\.m2\repository\junit\junit\4.12\junit-4.12.jar;C:\Users\hipant\.m2\repository\com\googlecode\junit-toolbox\junit-toolbox\2.4\junit-toolbox-2.4.jar;C:\Users\hipant\.m2\repository\commons-io\commons-io\2.4\commons-io-2.4.jar;C:\Users\hipant\.m2\repository\org\hamcrest\hamcrest-library\1.3\hamcrest-library-1.3.jar;C:\Users\hipant\.m2\repository\org\powermock\powermock-api-mockito\1.7.3\powermock-api-mockito-1.7.3.jar;C:\Users\hipant\.m2\repository\org\powermock\powermock-api-mockito-common\1.7.3\powermock-api-mockito-common-1.7.3.jar;C:\Users\hipant\.m2\repository\org\powermock\powermock-api-support\1.7.3\powermock-api-support-1.7.3.jar;C:\Users\hipant\.m2\repository\org\mockito\mockito-core\1.10.19\mockito-core-1.10.19.jar;C:\Users\hipant\.m2\repository\org\objenesis\objenesis\2.1\objenesis-2.1.jar;C:\Users\hipant\.m2\repository\org\powermock\powermock-module-junit4\1.7.3\powermock-module-junit4-1.7.3.jar;C:\Users\hipant\.m2\repository\org\powermock\powermock-module-junit4-common\1.7.3\powermock-module-junit4-common-1.7.3.jar;C:\Users\hipant\.m2\repository\org\powermock\powermock-reflect\1.7.3\powermock-reflect-1.7.3.jar;C:\Users\hipant\.m2\repository\org\powermock\powermock-core\1.7.3\powermock-core-1.7.3.jar;C:\Users\hipant\.m2\repository\org\javassist\javassist\3.21.0-GA\javassist-3.21.0-GA.jar;C:\Users\hipant\.m2\repository\org\hamcrest\hamcrest-core\1.3\hamcrest-core-1.3.jar;C:\Users\hipant\.m2\repository\commons-configuration\commons-configuration\1.6\commons-configuration-1.6.jar;C:\Users\hipant\.m2\repository\commons-collections\commons-collections\3.2.1\commons-collections-3.2.1.jar;C:\Users\hipant\.m2\repository\commons-lang\commons-lang\2.4\commons-lang-2.4.jar;C:\Users\hipant\.m2\repository\commons-logging\commons-logging\1.1.1\commons-logging-1.1.1.jar;C:\Users\hipant\.m2\repository\commons-digester\commons-digester\1.8\commons-digester-1.8.jar;C:\Users\hipant\.m2\repository\commons-beanutils\commons-beanutils-core\1.8.0\commons-beanutils-core-1.8.0.jar;C:\Users\hipant\.m2\repository\org\apache\logging\log4j\log4j-api\2.10.0\log4j-api-2.10.0.jar;C:\Users\hipant\.m2\repository\org\apache\logging\log4j\log4j-core\2.10.0\log4j-core-2.10.0.jar;C:\Users\hipant\.m2\repository\org\apache\commons\commons-csv\1.5\commons-csv-1.5.jar;C:\Users\hipant\.m2\repository\epsec\products\framework\publishedInterfaceExtensions\19.0.20\publishedInterfaceExtensions-19.0.20.jar;C:\Users\hipant\.m2\repository\epsec\products\framework\publishedInterfaces\19.0.8\publishedInterfaces-19.0.8.jar;C:\Users\hipant\.m2\repository\epsec\products\framework\publishedTypes\19.0.9\publishedTypes-19.0.9.jar;C:\Users\hipant\.m2\repository\epsec\products\framework\appbase\appbase-shared\19.0.10\appbase-shared-19.0.10.jar;C:\Users\hipant\.m2\repository\com\nokia\netguard\adt\adapter-validator\1.0.4\adapter-validator-1.0.4.jar;C:\Users\hipant\.m2\repository\org\freemarker\freemarker-gae\2.3.28\freemarker-gae-2.3.28.jar;C:\Users\hipant\.m2\repository\com\fasterxml\jackson\core\jackson-databind\2.6.3\jackson-databind-2.6.3.jar;C:\Users\hipant\.m2\repository\com\fasterxml\jackson\core\jackson-annotations\2.6.0\jackson-annotations-2.6.0.jar;C:\Users\hipant\.m2\repository\com\fasterxml\jackson\core\jackson-core\2.6.3\jackson-core-2.6.3.jar;C:\Users\hipant\.m2\repository\org\bitbucket\mstrobel\procyon-compilertools\0.5.33\procyon-compilertools-0.5.33.jar;C:\Users\hipant\.m2\repository\org\bitbucket\mstrobel\procyon-core\0.5.33\procyon-core-0.5.33.jar;C:\Users\hipant\.m2\repository\commons-beanutils\commons-beanutils\1.9.3\commons-beanutils-1.9.3.jar;C:\Users\hipant\.m2\repository\log4j\log4j\1.2.17\log4j-1.2.17.jar;"/>
    <property name="java.vm.vendor" value="Oracle Corporation"/>
    <property name="sun.arch.data.model" value="64"/>
    <property name="user.variant" value=""/>
    <property name="java.vendor.url" value="http://java.oracle.com/"/>
    <property name="user.timezone" value="Asia/Calcutta"/>
    <property name="java.vm.specification.version" value="1.8"/>
    <property name="os.name" value="Windows 10"/>
    <property name="user.country" value="IN"/>
    <property name="sun.java.launcher" value="SUN_STANDARD"/>
    <property name="sun.boot.library.path" value="C:\Program Files\Java\jdk1.8.0_221\jre\bin"/>
    <property name="sun.java.command" value="C:\Users\hipant\AppData\Local\Temp\surefire183532763378579982\surefirebooter2575635856258611687.jar C:\Users\hipant\AppData\Local\Temp\surefire183532763378579982 2020-08-21T09-34-39_319-jvmRun1 surefire6844789675334495226tmp surefire_05705314503731543155tmp"/>
    <property name="surefire.test.class.path" value="C:\NOKIA\AdaptorDevelopmentToolkit\ADT-19.0.SR6-workspace\workspace\Jinny-KVM_centos_CLI-V1\target\test-classes;C:\NOKIA\AdaptorDevelopmentToolkit\ADT-19.0.SR6-workspace\workspace\Jinny-KVM_centos_CLI-V1\target\classes;C:\Users\hipant\.m2\repository\com\jcraft\jsch\0.1.54\jsch-0.1.54.jar;C:\Users\hipant\.m2\repository\commons-net\commons-net\3.6\commons-net-3.6.jar;C:\Users\hipant\.m2\repository\com\btmatthews\junit\junit-rules\1.0.1\junit-rules-1.0.1.jar;C:\Users\hipant\.m2\repository\junit\junit\4.12\junit-4.12.jar;C:\Users\hipant\.m2\repository\com\googlecode\junit-toolbox\junit-toolbox\2.4\junit-toolbox-2.4.jar;C:\Users\hipant\.m2\repository\commons-io\commons-io\2.4\commons-io-2.4.jar;C:\Users\hipant\.m2\repository\org\hamcrest\hamcrest-library\1.3\hamcrest-library-1.3.jar;C:\Users\hipant\.m2\repository\org\powermock\powermock-api-mockito\1.7.3\powermock-api-mockito-1.7.3.jar;C:\Users\hipant\.m2\repository\org\powermock\powermock-api-mockito-common\1.7.3\powermock-api-mockito-common-1.7.3.jar;C:\Users\hipant\.m2\repository\org\powermock\powermock-api-support\1.7.3\powermock-api-support-1.7.3.jar;C:\Users\hipant\.m2\repository\org\mockito\mockito-core\1.10.19\mockito-core-1.10.19.jar;C:\Users\hipant\.m2\repository\org\objenesis\objenesis\2.1\objenesis-2.1.jar;C:\Users\hipant\.m2\repository\org\powermock\powermock-module-junit4\1.7.3\powermock-module-junit4-1.7.3.jar;C:\Users\hipant\.m2\repository\org\powermock\powermock-module-junit4-common\1.7.3\powermock-module-junit4-common-1.7.3.jar;C:\Users\hipant\.m2\repository\org\powermock\powermock-reflect\1.7.3\powermock-reflect-1.7.3.jar;C:\Users\hipant\.m2\repository\org\powermock\powermock-core\1.7.3\powermock-core-1.7.3.jar;C:\Users\hipant\.m2\repository\org\javassist\javassist\3.21.0-GA\javassist-3.21.0-GA.jar;C:\Users\hipant\.m2\repository\org\hamcrest\hamcrest-core\1.3\hamcrest-core-1.3.jar;C:\Users\hipant\.m2\repository\commons-configuration\commons-configuration\1.6\commons-configuration-1.6.jar;C:\Users\hipant\.m2\repository\commons-collections\commons-collections\3.2.1\commons-collections-3.2.1.jar;C:\Users\hipant\.m2\repository\commons-lang\commons-lang\2.4\commons-lang-2.4.jar;C:\Users\hipant\.m2\repository\commons-logging\commons-logging\1.1.1\commons-logging-1.1.1.jar;C:\Users\hipant\.m2\repository\commons-digester\commons-digester\1.8\commons-digester-1.8.jar;C:\Users\hipant\.m2\repository\commons-beanutils\commons-beanutils-core\1.8.0\commons-beanutils-core-1.8.0.jar;C:\Users\hipant\.m2\repository\org\apache\logging\log4j\log4j-api\2.10.0\log4j-api-2.10.0.jar;C:\Users\hipant\.m2\repository\org\apache\logging\log4j\log4j-core\2.10.0\log4j-core-2.10.0.jar;C:\Users\hipant\.m2\repository\org\apache\commons\commons-csv\1.5\commons-csv-1.5.jar;C:\Users\hipant\.m2\repository\epsec\products\framework\publishedInterfaceExtensions\19.0.20\publishedInterfaceExtensions-19.0.20.jar;C:\Users\hipant\.m2\repository\epsec\products\framework\publishedInterfaces\19.0.8\publishedInterfaces-19.0.8.jar;C:\Users\hipant\.m2\repository\epsec\products\framework\publishedTypes\19.0.9\publishedTypes-19.0.9.jar;C:\Users\hipant\.m2\repository\epsec\products\framework\appbase\appbase-shared\19.0.10\appbase-shared-19.0.10.jar;C:\Users\hipant\.m2\repository\com\nokia\netguard\adt\adapter-validator\1.0.4\adapter-validator-1.0.4.jar;C:\Users\hipant\.m2\repository\org\freemarker\freemarker-gae\2.3.28\freemarker-gae-2.3.28.jar;C:\Users\hipant\.m2\repository\com\fasterxml\jackson\core\jackson-databind\2.6.3\jackson-databind-2.6.3.jar;C:\Users\hipant\.m2\repository\com\fasterxml\jackson\core\jackson-annotations\2.6.0\jackson-annotations-2.6.0.jar;C:\Users\hipant\.m2\repository\com\fasterxml\jackson\core\jackson-core\2.6.3\jackson-core-2.6.3.jar;C:\Users\hipant\.m2\repository\org\bitbucket\mstrobel\procyon-compilertools\0.5.33\procyon-compilertools-0.5.33.jar;C:\Users\hipant\.m2\repository\org\bitbucket\mstrobel\procyon-core\0.5.33\procyon-core-0.5.33.jar;C:\Users\hipant\.m2\repository\commons-beanutils\commons-beanutils\1.9.3\commons-beanutils-1.9.3.jar;C:\Users\hipant\.m2\repository\log4j\log4j\1.2.17\log4j-1.2.17.jar;"/>
    <property name="sun.cpu.endian" value="little"/>
    <property name="user.home" value="C:\Users\hipant"/>
    <property name="user.language" value="en"/>
    <property name="java.specification.vendor" value="Oracle Corporation"/>
    <property name="java.home" value="C:\Program Files\Java\jdk1.8.0_221\jre"/>
    <property name="basedir" value="C:\NOKIA\AdaptorDevelopmentToolkit\ADT-19.0.SR6-workspace\workspace\Jinny-KVM_centos_CLI-V1"/>
    <property name="file.separator" value="\"/>
    <property name="line.separator" value="&#10;"/>
    <property name="java.vm.specification.vendor" value="Oracle Corporation"/>
    <property name="java.specification.name" value="Java Platform API Specification"/>
    <property name="java.awt.graphicsenv" value="sun.awt.Win32GraphicsEnvironment"/>
    <property name="surefire.real.class.path" value="C:\Users\hipant\AppData\Local\Temp\surefire183532763378579982\surefirebooter2575635856258611687.jar"/>
    <property name="sun.boot.class.path" value="C:\Program Files\Java\jdk1.8.0_221\jre\lib\resources.jar;C:\Program Files\Java\jdk1.8.0_221\jre\lib\rt.jar;C:\Program Files\Java\jdk1.8.0_221\jre\lib\sunrsasign.jar;C:\Program Files\Java\jdk1.8.0_221\jre\lib\jsse.jar;C:\Program Files\Java\jdk1.8.0_221\jre\lib\jce.jar;C:\Program Files\Java\jdk1.8.0_221\jre\lib\charsets.jar;C:\Program Files\Java\jdk1.8.0_221\jre\lib\jfr.jar;C:\Program Files\Java\jdk1.8.0_221\jre\classes"/>
    <property name="user.script" value=""/>
    <property name="sun.management.compiler" value="HotSpot 64-Bit Tiered Compilers"/>
    <property name="java.runtime.version" value="1.8.0_221-b11"/>
    <property name="java.net.preferIPv4Stack" value="true"/>
    <property name="user.name" value="hipant"/>
    <property name="path.separator" value=";"/>
    <property name="os.version" value="10.0"/>
    <property name="java.endorsed.dirs" value="C:\Program Files\Java\jdk1.8.0_221\jre\lib\endorsed"/>
    <property name="java.runtime.name" value="Java(TM) SE Runtime Environment"/>
    <property name="file.encoding" value="Cp1252"/>
    <property name="java.vm.name" value="Java HotSpot(TM) 64-Bit Server VM"/>
    <property name="localRepository" value="C:\Users\hipant\.m2\repository"/>
    <property name="java.vendor.url.bug" value="http://bugreport.sun.com/bugreport/"/>
    <property name="java.io.tmpdir" value="C:\Users\hipant\AppData\Local\Temp\"/>
    <property name="java.version" value="1.8.0_221"/>
    <property name="user.dir" value="C:\NOKIA\AdaptorDevelopmentToolkit\ADT-19.0.SR6-workspace\workspace\Jinny-KVM_centos_CLI-V1"/>
    <property name="os.arch" value="amd64"/>
    <property name="java.vm.specification.name" value="Java Virtual Machine Specification"/>
    <property name="java.awt.printerjob" value="sun.awt.windows.WPrinterJob"/>
    <property name="sun.os.patch.level" value=""/>
    <property name="java.library.path" value="C:\Program Files\Java\jdk1.8.0_221\jre\bin;C:\WINDOWS\Sun\Java\bin;C:\WINDOWS\system32;C:\WINDOWS;C:/Program Files/Java/jre1.8.0_221/bin/server;C:/Program Files/Java/jre1.8.0_221/bin;C:/Program Files/Java/jre1.8.0_221/lib/amd64;C:\Program Files (x86)\ActiveState Komodo IDE 11\;C:\Program Files (x86)\Common Files\Oracle\Java\javapath;C:\Program Files (x86)\Intel\Intel(R) Management Engine Components\iCLS\;C:\Program Files\Intel\Intel(R) Management Engine Components\iCLS\;C:\WINDOWS\system32;C:\WINDOWS;C:\WINDOWS\System32\Wbem;C:\WINDOWS\System32\WindowsPowerShell\v1.0\;C:\Program Files (x86)\Webex\Webex\Applications;C:\Program Files (x86)\SafeCom\SafeComPrintClient;C:\Program Files (x86)\Intel\Intel(R) Management Engine Components\DAL;C:\Program Files\Intel\Intel(R) Management Engine Components\DAL;C:\Program Files (x86)\Intel\Intel(R) Management Engine Components\IPT;C:\Program Files\Intel\Intel(R) Management Engine Components\IPT;C:\Program Files (x86)\Sennheiser\SoftphoneSDK\;C:\Program Files\Git\cmd;C:\APACHE\apache-maven-3.5.2\bin;C:\Program Files\Java\jdk1.8.0_221\bin;C:\Program Files (x86)\PuTTY\;C:\WINDOWS\System32\OpenSSH\;C:\WINDOWS\system32\config\systemprofile\AppData\Local\Microsoft\WindowsApps;C:\Program Files (x86)\Adaptiva\AdaptivaClient\bin\x32;C:\Program Files (x86)\Adaptiva\AdaptivaClient\bin\x64;C:\Program Files\TortoiseGit\bin;C:\Program Files\MongoDB\Server\4.2\bin;C:\Program Files\MySQL\MySQL Shell 8.0\bin\;C:\Users\hipant\AppData\Local\atom\bin;C:\Users\hipant\AppData\Local\Programs\Microsoft VS Code\bin;C:\kafka_2.13-2.5.0\bin\windows;;C:\NOKIA\eclipse;;."/>
    <property name="java.vm.info" value="mixed mode"/>
    <property name="java.vendor" value="Oracle Corporation"/>
    <property name="java.vm.version" value="25.221-b11"/>
    <property name="java.ext.dirs" value="C:\Program Files\Java\jdk1.8.0_221\jre\lib\ext;C:\WINDOWS\Sun\Java\lib\ext"/>
    <property name="sun.io.unicode.encoding" value="UnicodeLittle"/>
    <property name="java.class.version" value="52.0"/>
  </properties>
  <testcase name="deleteResourceOneFailTest[0]" classname="com.nokia.netguard.adapter.test.suite.offline.requests.gs.reconcile.resource.DeleteResourcesRequestHandlerTest" time="1.813"/>
  <testcase name="deleteResourceNotExistingTest[0]" classname="com.nokia.netguard.adapter.test.suite.offline.requests.gs.reconcile.resource.DeleteResourcesRequestHandlerTest" time="0.099"/>
  <testcase name="deleteResourceTest[0]" classname="com.nokia.netguard.adapter.test.suite.offline.requests.gs.reconcile.resource.DeleteResourcesRequestHandlerTest" time="0.097"/>
  <testcase name="deleteNotExistingUserTest[0]" classname="com.nokia.netguard.adapter.test.suite.offline.requests.crud.NESecurityDeleteUserRequestHandlerTest" time="1.323"/>
  <testcase name="deleteUserTest[0]" classname="com.nokia.netguard.adapter.test.suite.offline.requests.crud.NESecurityDeleteUserRequestHandlerTest" time="0.165"/>
  <testcase name="successfulExitCodeTest" classname="com.nokia.netguard.adapter.test.suite.offline.cli.callback.CheckExitCodeTest" time="0"/>
  <testcase name="unsuccessfulExitCodeTest" classname="com.nokia.netguard.adapter.test.suite.offline.cli.callback.CheckExitCodeTest" time="0.081"/>
  <testcase name="shouldCreateInstanceTest" classname="com.nokia.netguard.adapter.test.suite.offline.cli.callback.CheckExitCodeTest" time="0"/>
  <testcase name="resourceRulePathNotExistTest[0]" classname="com.nokia.netguard.adapter.test.suite.offline.requests.gs.reconcile.resource.CreateResourceRequestHandlerTest" time="2.554"/>
  <testcase name="createResourceOneAttrFailTest[0]" classname="com.nokia.netguard.adapter.test.suite.offline.requests.gs.reconcile.resource.CreateResourceRequestHandlerTest" time="0.271"/>
  <testcase name="resourceRuleFileNotExistTest[0]" classname="com.nokia.netguard.adapter.test.suite.offline.requests.gs.reconcile.resource.CreateResourceRequestHandlerTest" time="0.114"/>
  <testcase name="createResourceTest[0]" classname="com.nokia.netguard.adapter.test.suite.offline.requests.gs.reconcile.resource.CreateResourceRequestHandlerTest" time="0.109"/>
  <testcase name="createResourceFirstCommandFailTest[0]" classname="com.nokia.netguard.adapter.test.suite.offline.requests.gs.reconcile.resource.CreateResourceRequestHandlerTest" time="0.213"/>
  <testcase name="test[0]" classname="com.nokia.netguard.adapter.test.suite.offline.requests.sso.KeepaliveRequestHandlerTest" time="2.828"/>
  <testcase name="exitCodeNotCheckedTest" classname="com.nokia.netguard.adapter.test.suite.offline.cli.ExecutionResultTest" time="0"/>
  <testcase name="checkUnsuccessfulExecutionTest" classname="com.nokia.netguard.adapter.test.suite.offline.cli.ExecutionResultTest" time="0.001"/>
  <testcase name="checkSuccessfulExecutionTest" classname="com.nokia.netguard.adapter.test.suite.offline.cli.ExecutionResultTest" time="0"/>
  <testcase name="testFingerPrint[0]" classname="com.nokia.netguard.adapter.test.suite.offline.requests.sso.FingerprintRequestHandlerTest" time="2.01"/>
  <testcase name="verifyIfOutputMatchesPatternTest" classname="com.nokia.netguard.adapter.test.suite.offline.cli.callback.MatchOutputTest" time="0"/>
  <testcase name="defaultPatternFlagsTest" classname="com.nokia.netguard.adapter.test.suite.offline.cli.callback.MatchOutputTest" time="0"/>
  <testcase name="customPatternFlagsTest" classname="com.nokia.netguard.adapter.test.suite.offline.cli.callback.MatchOutputTest" time="0"/>
  <testcase name="shouldCreateInstanceTest" classname="com.nokia.netguard.adapter.test.suite.offline.cli.callback.MatchOutputTest" time="0"/>
  <testcase name="throwWhenOutputDoesntMatchPatternTest" classname="com.nokia.netguard.adapter.test.suite.offline.cli.callback.MatchOutputTest" time="0"/>
  <testcase name="createExistingUserTest[0]" classname="com.nokia.netguard.adapter.test.suite.offline.requests.crud.NESecurityCreateUserRequestHandlerTest" time="2.038"/>
  <testcase name="provideMismatchedPasswordsTest[0]" classname="com.nokia.netguard.adapter.test.suite.offline.requests.crud.NESecurityCreateUserRequestHandlerTest" time="0.152"/>
  <testcase name="createUserTest[0]" classname="com.nokia.netguard.adapter.test.suite.offline.requests.crud.NESecurityCreateUserRequestHandlerTest" time="0.198"/>
  <testcase name="createAttributeTest[0]" classname="com.nokia.netguard.adapter.test.suite.offline.requests.gs.reconcile.attribute.CreateResourcesRawAttributesRequestHandlerTest" time="1.482"/>
  <testcase name="attrRulePathNotExistTest[0]" classname="com.nokia.netguard.adapter.test.suite.offline.requests.gs.reconcile.attribute.CreateResourcesRawAttributesRequestHandlerTest" time="0.07"/>
  <testcase name="createNotExistingResourceTest[0]" classname="com.nokia.netguard.adapter.test.suite.offline.requests.gs.reconcile.attribute.CreateResourcesRawAttributesRequestHandlerTest" time="0.063"/>
  <testcase name="attrRuleFileNotExistTest[0]" classname="com.nokia.netguard.adapter.test.suite.offline.requests.gs.reconcile.attribute.CreateResourcesRawAttributesRequestHandlerTest" time="0.061"/>
  <testcase name="createNotExistingAttributeTest[0]" classname="com.nokia.netguard.adapter.test.suite.offline.requests.gs.reconcile.attribute.CreateResourcesRawAttributesRequestHandlerTest" time="0.071"/>
  <testcase name="SV_86701r1_test[0]" classname="com.nokia.netguard.adapter.test.suite.offline.requests.gs.reconcile.attribute.DeleteResourcesRawAttributesRequestHandlerTest" time="1.601"/>
  <testcase name="SV_86701r1_testFail[0]" classname="com.nokia.netguard.adapter.test.suite.offline.requests.gs.reconcile.attribute.DeleteResourcesRawAttributesRequestHandlerTest" time="0.1"/>
  <testcase name="provideMismatchedPasswordsTest[0]" classname="com.nokia.netguard.adapter.test.suite.offline.requests.crud.NESecurityEditMyPasswordRequestHandlerTest" time="1.815"/>
  <testcase name="editMyPasswordTest[0]" classname="com.nokia.netguard.adapter.test.suite.offline.requests.crud.NESecurityEditMyPasswordRequestHandlerTest" time="0.118"/>
  <testcase name="provideInvalidCurrentPasswordTest[0]" classname="com.nokia.netguard.adapter.test.suite.offline.requests.crud.NESecurityEditMyPasswordRequestHandlerTest" time="0.102"/>
  <testcase name="switchUserTest[0]" classname="com.nokia.netguard.adapter.test.suite.offline.requests.pe.NESecurityEscalatePrivilegeRequestHandlerTest" time="1.447"/>
  <testcase name="escalatePrivilegeWrongPasswordTest[0]" classname="com.nokia.netguard.adapter.test.suite.offline.requests.pe.NESecurityEscalatePrivilegeRequestHandlerTest" time="0.072"/>
  <testcase name="escalatePrivilegeTest[0]" classname="com.nokia.netguard.adapter.test.suite.offline.requests.pe.NESecurityEscalatePrivilegeRequestHandlerTest" time="0.081"/>
  <testcase name="switchUserWrongPasswordTest[0]" classname="com.nokia.netguard.adapter.test.suite.offline.requests.pe.NESecurityEscalatePrivilegeRequestHandlerTest" time="0.102"/>
  <testcase name="escalatePrivilegeForTheDurationOfACommandTest[0]" classname="com.nokia.netguard.adapter.test.suite.offline.requests.pe.NESecurityEscalatePrivilegeRequestHandlerTest" time="0.062"/>
  <testcase name="loginTest[0]" classname="com.nokia.netguard.adapter.test.suite.offline.requests.sso.LoginRequestHandlerTest" time="1.392"/>
  <testcase name="changePromptTest[0]" classname="com.nokia.netguard.adapter.test.suite.offline.requests.sso.LoginRequestHandlerTest" time="0.101"/>
  <testcase name="verifyIfOutputContainsExpectedOutputTest" classname="com.nokia.netguard.adapter.test.suite.offline.cli.callback.VerifyOutputTest" time="0"/>
  <testcase name="throwWhenOutputDoesntContainExpectedOutputTest" classname="com.nokia.netguard.adapter.test.suite.offline.cli.callback.VerifyOutputTest" time="0.001"/>
  <testcase name="throwWhenOutputContainsErrorTest" classname="com.nokia.netguard.adapter.test.suite.offline.cli.callback.VerifyOutputTest" time="0.001"/>
  <testcase name="shouldCreateInstanceTest" classname="com.nokia.netguard.adapter.test.suite.offline.cli.callback.VerifyOutputTest" time="0"/>
  <testcase name="verifyIfOutputDoesntContainErrorsTest" classname="com.nokia.netguard.adapter.test.suite.offline.cli.callback.VerifyOutputTest" time="0"/>
  <testcase name="singleResourceIdNullTest[0]" classname="com.nokia.netguard.adapter.test.suite.offline.requests.gs.reconcile.command.CommandResourceRequestHandlerTest" time="1.968"/>
  <testcase name="singleCommandFailTest[0]" classname="com.nokia.netguard.adapter.test.suite.offline.requests.gs.reconcile.command.CommandResourceRequestHandlerTest" time="0.092"/>
  <testcase name="singleCommandSuccessTest[0]" classname="com.nokia.netguard.adapter.test.suite.offline.requests.gs.reconcile.command.CommandResourceRequestHandlerTest" time="0.075"/>
  <testcase name="singleCommandNullTest[0]" classname="com.nokia.netguard.adapter.test.suite.offline.requests.gs.reconcile.command.CommandResourceRequestHandlerTest" time="0.129"/>
  <testcase name="escalateCommandWithPasswordTest" classname="com.nokia.netguard.adapter.test.suite.offline.cli.CommandTest" time="0"/>
  <testcase name="createCommandWithArgumentsTest" classname="com.nokia.netguard.adapter.test.suite.offline.cli.CommandTest" time="0.004"/>
  <testcase name="promptConcatenationTest" classname="com.nokia.netguard.adapter.test.suite.offline.cli.CommandTest" time="0.001"/>
  <testcase name="addMultipleCallbacksTest" classname="com.nokia.netguard.adapter.test.suite.offline.cli.CommandTest" time="0.002"/>
  <testcase name="createCommandTest" classname="com.nokia.netguard.adapter.test.suite.offline.cli.CommandTest" time="0"/>
  <testcase name="setNullOrEmptyPromptTest" classname="com.nokia.netguard.adapter.test.suite.offline.cli.CommandTest" time="0"/>
  <testcase name="createEmptyCommandTest" classname="com.nokia.netguard.adapter.test.suite.offline.cli.CommandTest" time="0"/>
  <testcase name="executeInteractiveCommandTest" classname="com.nokia.netguard.adapter.test.suite.offline.cli.ExecutorTest" time="1.251"/>
  <testcase name="executeSudoCommandTest" classname="com.nokia.netguard.adapter.test.suite.offline.cli.ExecutorTest" time="0.01"/>
  <testcase name="invalidExitCodeStringTest" classname="com.nokia.netguard.adapter.test.suite.offline.cli.ExecutorTest" time="0.02"/>
  <testcase name="executeNullCommandTest" classname="com.nokia.netguard.adapter.test.suite.offline.cli.ExecutorTest" time="0.003"/>
  <testcase name="useCustomCommandNameTest" classname="com.nokia.netguard.adapter.test.suite.offline.cli.ExecutorTest" time="0.027"/>
  <testcase name="executeCommandWithNullStringTest" classname="com.nokia.netguard.adapter.test.suite.offline.cli.ExecutorTest" time="0.003"/>
  <testcase name="executeMaskedCommandTest" classname="com.nokia.netguard.adapter.test.suite.offline.cli.ExecutorTest" time="0.003"/>
  <testcase name="executeCommandTest" classname="com.nokia.netguard.adapter.test.suite.offline.cli.ExecutorTest" time="0.004"/>
  <testcase name="executeNewLineEndedCommandTest" classname="com.nokia.netguard.adapter.test.suite.offline.cli.ExecutorTest" time="0.004"/>
  <testcase name="executeNullInteractiveCommandTest" classname="com.nokia.netguard.adapter.test.suite.offline.cli.ExecutorTest" time="0.002"/>
  <testcase name="callMultipleCallbacksInProperOrderTest" classname="com.nokia.netguard.adapter.test.suite.offline.cli.ExecutorTest" time="0.005"/>
  <testcase name="incompleteOutputForExitCodeRetrievalTest" classname="com.nokia.netguard.adapter.test.suite.offline.cli.ExecutorTest" time="0.005"/>
  <testcase name="retrieveExitCodeOfExecutedCommandTest" classname="com.nokia.netguard.adapter.test.suite.offline.cli.ExecutorTest" time="0.021"/>
  <testcase name="executeEmptyInteractiveCommandTest" classname="com.nokia.netguard.adapter.test.suite.offline.cli.ExecutorTest" time="0.002"/>
  <testcase name="executeSudoCommandWithNullPasswordTest" classname="com.nokia.netguard.adapter.test.suite.offline.cli.ExecutorTest" time="0.01"/>
  <testcase name="correctFileTest" classname="com.nokia.netguard.adapter.test.suite.offline.requests.gs.data.collecting.CSVReaderTest" time="0.007"/>
  <testcase name="wrongPathTest" classname="com.nokia.netguard.adapter.test.suite.offline.requests.gs.data.collecting.CSVReaderTest" time="0.009"/>
  <testcase name="wrongFileNameTest" classname="com.nokia.netguard.adapter.test.suite.offline.requests.gs.data.collecting.CSVReaderTest" time="0"/>
  <testcase name="retrivalTest[0]" classname="com.nokia.netguard.adapter.test.suite.offline.requests.gs.resource.retrieval.RetrieveResourceRawAttributesRequestHandlerTest" time="2.363"/>
  <testcase name="attrNameNullTest[0]" classname="com.nokia.netguard.adapter.test.suite.offline.requests.gs.reconcile.command.CommandResourceRawAttributeRequestHandlerTest" time="1.818"/>
  <testcase name="attrValNullTest[0]" classname="com.nokia.netguard.adapter.test.suite.offline.requests.gs.reconcile.command.CommandResourceRawAttributeRequestHandlerTest" time="0.069"/>
  <testcase name="commandCallFailTest[0]" classname="com.nokia.netguard.adapter.test.suite.offline.requests.gs.reconcile.command.CommandResourceRawAttributeRequestHandlerTest" time="0.08"/>
  <testcase name="commandCallWithAttrTest[0]" classname="com.nokia.netguard.adapter.test.suite.offline.requests.gs.reconcile.command.CommandResourceRawAttributeRequestHandlerTest" time="0.105"/>
  <testcase name="commandCallTest[0]" classname="com.nokia.netguard.adapter.test.suite.offline.requests.gs.reconcile.command.CommandResourceRawAttributeRequestHandlerTest" time="0.07"/>
  <testcase name="resourceIdNullTest[0]" classname="com.nokia.netguard.adapter.test.suite.offline.requests.gs.reconcile.command.CommandResourceRawAttributeRequestHandlerTest" time="0.074"/>
  <testcase name="commandNullTest[0]" classname="com.nokia.netguard.adapter.test.suite.offline.requests.gs.reconcile.command.CommandResourceRawAttributeRequestHandlerTest" time="0.069"/>
  <testcase name="addMultipleCallbacksTest" classname="com.nokia.netguard.adapter.test.suite.offline.cli.InteractiveCommandTest" time="0.001"/>
  <testcase name="userNotExistTest[0]" classname="com.nokia.netguard.adapter.test.suite.offline.requests.crud.NESecurityEditUserRequestHandlerTest" time="1.539"/>
  <testcase name="editUserTest[0]" classname="com.nokia.netguard.adapter.test.suite.offline.requests.crud.NESecurityEditUserRequestHandlerTest" time="0.114"/>
  <testcase name="provideMismatchedPasswordsTest[0]" classname="com.nokia.netguard.adapter.test.suite.offline.requests.crud.NESecurityEditUserRequestHandlerTest" time="0.111"/>
  <testcase name="changePasswordOfNotExistingUserTest[0]" classname="com.nokia.netguard.adapter.test.suite.offline.requests.crud.NESecurityEditUserRequestHandlerTest" time="0.107"/>
  <testcase name="setEmptyPasswordsAttributeTest[0]" classname="com.nokia.netguard.adapter.test.suite.offline.requests.gs.reconcile.attribute.EditResourceRawAttributesRequestHandlerTest" time="1.548"/>
  <testcase name="setEmptyPasswordsAttributeTestNotExistingResource[0]" classname="com.nokia.netguard.adapter.test.suite.offline.requests.gs.reconcile.attribute.EditResourceRawAttributesRequestHandlerTest" time="0.068"/>
  <testcase name="setEmptyPasswordsResourceTestNotExistingResource[0]" classname="com.nokia.netguard.adapter.test.suite.offline.requests.gs.reconcile.attribute.EditResourceRawAttributesRequestHandlerTest" time="0.067"/>
</testsuite>